Using pre-set license

 COMMAND LINE ARGUMENTS:
/Applications/Unity/Hub/Editor/2020.3.4f1/Unity.app/Contents/MacOS/Unity
-adb2
-batchMode
-noUpm
-name
AssetImportWorker0
-projectPath
/Users/seungsuboh/Documents/GitHub/Bidmad-Unity-290Update/BidmadPluginSample
-logFile
Logs/AssetImportWorker0.log
-srvPort
62280
Successfully changed project path to: /Users/seungsuboh/Documents/GitHub/Bidmad-Unity-290Update/BidmadPluginSample
/Users/seungsuboh/Documents/GitHub/Bidmad-Unity-290Update/BidmadPluginSample
Using Asset Import Pipeline V2.
Refreshing native plugins compatible for Editor in 24.10 ms, found 1 plugins.
Preloading 0 native plugins for Editor in 0.00 ms.
Initialize engine version: 2020.3.4f1 (0abb6314276a)
[Subsystems] Discovering subsystems at path /Applications/Unity/Hub/Editor/2020.3.4f1/Unity.app/Contents/Resources/UnitySubsystems
[Subsystems] Discovering subsystems at path /Users/seungsuboh/Documents/GitHub/Bidmad-Unity-290Update/BidmadPluginSample/Assets
GfxDevice: creating device client; threaded=0
2021-08-24 15:56:35.463 Unity[30355:732016] VX3276-QHD preferred device: AMD Radeon Pro 5300M (high power)
2021-08-24 15:56:35.463 Unity[30355:732016] Metal devices available: 2
2021-08-24 15:56:35.464 Unity[30355:732016] 0: AMD Radeon Pro 5300M (high power)
2021-08-24 15:56:35.464 Unity[30355:732016] 1: Intel(R) UHD Graphics 630 (low power)
2021-08-24 15:56:35.464 Unity[30355:732016] Using device AMD Radeon Pro 5300M (high power)
Initializing Metal device caps: AMD Radeon Pro 5300M
Initialize mono
Mono path[0] = '/Applications/Unity/Hub/Editor/2020.3.4f1/Unity.app/Contents/Managed'
Mono path[1] = '/Applications/Unity/Hub/Editor/2020.3.4f1/Unity.app/Contents/MonoBleedingEdge/lib/mono/unityjit'
Mono config path = '/Applications/Unity/Hub/Editor/2020.3.4f1/Unity.app/Contents/MonoBleedingEdge/etc'
Using monoOptions --debugger-agent=transport=dt_socket,embedding=1,server=y,suspend=n,address=127.0.0.1:56355
Begin MonoManager ReloadAssembly
Registering precompiled unity dll's ...
Register platform support module: /Applications/Unity/Hub/Editor/2020.3.4f1/Unity.app/Contents/PlaybackEngines/MacStandaloneSupport/UnityEditor.OSXStandalone.Extensions.dll
Registered in 0.000497 seconds.
Native extension for OSXStandalone target not found
Refreshing native plugins compatible for Editor in 22.40 ms, found 1 plugins.
Preloading 0 native plugins for Editor in 0.00 ms.
Mono: successfully reloaded assembly
- Completed reload, in  1.239 seconds
Platform modules already initialized, skipping
Registering precompiled user dll's ...
Registered in 0.001064 seconds.
Begin MonoManager ReloadAssembly
Native extension for OSXStandalone target not found
Refreshing native plugins compatible for Editor in 0.22 ms, found 1 plugins.
Preloading 0 native plugins for Editor in 0.00 ms.
Mono: successfully reloaded assembly
- Completed reload, in  0.900 seconds
Platform modules already initialized, skipping
========================================================================
Worker process is ready to serve import requests
Launching external process: /Applications/Unity/Hub/Editor/2020.3.4f1/Unity.app/Contents/Tools/UnityShaderCompiler
Launched and connected shader compiler UnityShaderCompiler after 0.01 seconds
Refreshing native plugins compatible for Editor in 0.24 ms, found 1 plugins.
Preloading 0 native plugins for Editor in 0.00 ms.
Unloading 1137 Unused Serialized files (Serialized files now loaded: 0)
System memory in use before: 109.4 MB.
System memory in use after: 109.5 MB.

Unloading 17 unused Assets to reduce memory usage. Loaded Objects now: 1580.
Total: 2.231069 ms (FindLiveObjects: 0.211024 ms CreateObjectMapping: 0.056064 ms MarkObjects: 1.885118 ms  DeleteObjects: 0.077573 ms)

========================================================================
Received Import Request.
  path: Assets/ExternalDependencyManager
  artifactKey: Guid(30c5bebf371a14c98bcb41bc2db55d99) Importer(815301076,1909f56bfc062723c751e8b465ee728b)
Start importing Assets/ExternalDependencyManager using Guid(30c5bebf371a14c98bcb41bc2db55d99) Importer(815301076,1909f56bfc062723c751e8b465ee728b)  -> (artifact id: '169b3fe329dde39858da41993496e4a0') in 0.004042 seconds
  Import took 0.006801 seconds .

